<?xml version="1.0" encoding="UTF-8"?>
<!-- Generated by org.testng.reporters.JUnitXMLReporter -->
<testsuite ignored="0" hostname="DESKTOP-9KPB73A" failures="0" tests="6" name="Test" time="0.058" errors="0" timestamp="2023-07-14T09:33:05 IST">
  <testcase classname="examples.Program_First" name="imageVerification" time="0.004"/>
  <testcase classname="examples.Program_First" name="login" time="0.001"/>
  <testcase classname="examples.Program_First" name="serach" time="0.003"/>
  <testcase classname="examples.Program_First" name="titleVerification" time="0.002"/>
  <testcase classname="examples.program_Second" name="compose" time="0.001"/>
  <testcase classname="examples.program_Second" name="inbox" time="0.001"/>
</testsuite> <!-- Test -->
